<?xml version="1.0" ?><testsuite name="org.Roclh.ContextTest" time="6.743" timestamp="2026-02-07T12:27:44" tests="1" failures="0" skipped="0" aborted="0"><properties>
[...]
</properties><testcase classname="org.Roclh.ContextTest" name="contextLoads()" time="0.542"></testcase><system-out>15:27:37.512 [main] INFO org.springframework.test.context.support.AnnotationConfigContextLoaderUtils -- Could not detect default configuration classes for test class [org.Roclh.ContextTest]: ContextTest does not declare any static, non-private, non-final, nested classes annotated with @Configuration.
15:27:37.590 [main] INFO org.springframework.boot.test.context.SpringBootTestContextBootstrapper -- Found @SpringBootConfiguration org.Roclh.SpaceMarineApplication for test class org.Roclh.ContextTest

  .   ____          _            __ _ _
 /\\ / ___'_ __ _ _(_)_ __  __ _ \ \ \ \
( ( )\___ | '_ | '_| | '_ \/ _` | \ \ \ \
 \\/  ___)| |_)| | | | | || (_| |  ) ) ) )
  '  |____| .__|_| |_|_| |_\__, | / / / /
 =========|_|==============|___/=/_/_/_/
 :: Spring Boot ::                (v3.1.0)

2026-02-07T15:27:37.966+03:00  INFO 36860 --- [           main] org.Roclh.ContextTest                    : Starting ContextTest using Java 17.0.17 with PID 36860 (started by Никита in D:\Program files\IDE\IntellijIdea\projects\islab1)
2026-02-07T15:27:37.968+03:00  INFO 36860 --- [           main] org.Roclh.ContextTest                    : The following 1 profile is active: "test"
2026-02-07T15:27:38.925+03:00  INFO 36860 --- [           main] .s.d.r.c.RepositoryConfigurationDelegate : Bootstrapping Spring Data JPA repositories in DEFAULT mode.
2026-02-07T15:27:38.977+03:00  INFO 36860 --- [           main] .s.d.r.c.RepositoryConfigurationDelegate : Finished Spring Data repository scanning in 44 ms. Found 2 JPA repository interfaces.
2026-02-07T15:27:39.427+03:00  INFO 36860 --- [           main] o.hibernate.jpa.internal.util.LogHelper  : HHH000204: Processing PersistenceUnitInfo [name: default]
2026-02-07T15:27:39.531+03:00  INFO 36860 --- [           main] org.hibernate.Version                    : HHH000412: Hibernate ORM core version 6.2.2.Final
2026-02-07T15:27:39.537+03:00  INFO 36860 --- [           main] org.hibernate.cfg.Environment            : HHH000406: Using bytecode reflection optimizer
2026-02-07T15:27:39.758+03:00  INFO 36860 --- [           main] o.h.b.i.BytecodeProviderInitiator        : HHH000021: Bytecode provider name : bytebuddy
2026-02-07T15:27:39.892+03:00  INFO 36860 --- [           main] o.s.o.j.p.SpringPersistenceUnitInfo      : No LoadTimeWeaver setup: ignoring JPA class transformer
2026-02-07T15:27:39.909+03:00  INFO 36860 --- [           main] com.zaxxer.hikari.HikariDataSource       : HikariPool-1 - Starting...
2026-02-07T15:27:40.085+03:00  INFO 36860 --- [           main] com.zaxxer.hikari.pool.HikariPool        : HikariPool-1 - Added connection conn0: url=jdbc:h2:mem:testdb user=SA
2026-02-07T15:27:40.087+03:00  INFO 36860 --- [           main] com.zaxxer.hikari.HikariDataSource       : HikariPool-1 - Start completed.
2026-02-07T15:27:40.113+03:00  WARN 36860 --- [           main] org.hibernate.dialect.Dialect            : HHH000511: The 2.1.0 version for [org.hibernate.dialect.PostgreSQLDialect] is no longer supported, hence certain features may not work properly. The minimum supported version is 10.0.0. Check the community dialects project for available legacy versions.
2026-02-07T15:27:40.117+03:00  INFO 36860 --- [           main] org.hibernate.orm.dialect                : HHH035001: Using dialect: org.hibernate.dialect.PostgreSQLDialect, version: org.hibernate.engine.jdbc.env.internal.JdbcEnvironmentInitiator$DialectResolutionInfoImpl@11f8d64
2026-02-07T15:27:40.381+03:00  INFO 36860 --- [           main] o.h.b.i.BytecodeProviderInitiator        : HHH000021: Bytecode provider name : bytebuddy
2026-02-07T15:27:41.113+03:00  INFO 36860 --- [           main] o.h.e.t.j.p.i.JtaPlatformInitiator       : HHH000490: Using JtaPlatform implementation: [org.hibernate.engine.transaction.jta.platform.internal.NoJtaPlatform]
Hibernate: create table chapters (id bigserial not null, marines_count bigint not null, name varchar(255) not null, parent_legion varchar(255), world varchar(255) not null, primary key (id))
Hibernate: create table space_marines (id bigserial not null, x integer, y bigint not null, creation_date timestamp(6) not null, health float4 not null, heart_count integer not null check ((heart_count&lt;=3) and (heart_count&gt;=1)), height bigint, melee_weapon varchar(255) check (melee_weapon in ('CHAIN_SWORD','LIGHTING_CLAW','POWER_BLADE')), name varchar(255) not null, chapter_id bigint not null, primary key (id))
Hibernate: alter table if exists space_marines add constraint FK3bakbs2x765evaqqj7knxu44i foreign key (chapter_id) references chapters
2026-02-07T15:27:41.186+03:00  INFO 36860 --- [           main] j.LocalContainerEntityManagerFactoryBean : Initialized JPA EntityManagerFactory for persistence unit 'default'
2026-02-07T15:27:41.566+03:00  INFO 36860 --- [           main] o.s.d.j.r.query.QueryEnhancerFactory     : Hibernate is in classpath; If applicable, HQL parser will be used.
2026-02-07T15:27:41.873+03:00  WARN 36860 --- [           main] ocalVariableTableParameterNameDiscoverer : Using deprecated '-debug' fallback for parameter name resolution. Compile the affected code with '-parameters' instead or avoid its introspection: org.Roclh.repository.SpaceMarineRepository
2026-02-07T15:27:41.954+03:00  WARN 36860 --- [           main] ocalVariableTableParameterNameDiscoverer : Using deprecated '-debug' fallback for parameter name resolution. Compile the affected code with '-parameters' instead or avoid its introspection: org.Roclh.repository.ChapterRepository
2026-02-07T15:27:42.246+03:00  WARN 36860 --- [           main] JpaBaseConfiguration$JpaWebConfiguration : spring.jpa.open-in-view is enabled by default. Therefore, database queries may be performed during view rendering. Explicitly configure spring.jpa.open-in-view to disable this warning
2026-02-07T15:27:43.368+03:00  INFO 36860 --- [           main] o.s.b.a.e.web.EndpointLinksResolver      : Exposing 1 endpoint(s) beneath base path '/actuator'
2026-02-07T15:27:43.423+03:00  INFO 36860 --- [           main] o.s.m.s.b.SimpleBrokerMessageHandler     : Starting...
2026-02-07T15:27:43.424+03:00  INFO 36860 --- [           main] o.s.m.s.b.SimpleBrokerMessageHandler     : BrokerAvailabilityEvent[available=true, SimpleBrokerMessageHandler [org.springframework.messaging.simp.broker.DefaultSubscriptionRegistry@2a7eb66e]]
2026-02-07T15:27:43.424+03:00  INFO 36860 --- [           main] o.s.m.s.b.SimpleBrokerMessageHandler     : Started.
2026-02-07T15:27:43.432+03:00  INFO 36860 --- [           main] org.Roclh.ContextTest                    : Started ContextTest in 5.741 seconds (process running for 9.509)
</system-out></testsuite>